#
# A fatal error has been detected by the Java Runtime Environment:
#
#  EXCEPTION_ACCESS_VIOLATION (0xc0000005) at pc=0x59d5fc7c, pid=5984, tid=2436
#
# JRE version: 7.0_21-b11
# Java VM: Java HotSpot(TM) Client VM (23.21-b01 mixed mode, sharing windows-x86 )
# Problematic frame:
# V  [jvm.dll+0x24fc7c]
#
# Failed to write core dump. Minidumps are not enabled by default on client versions of Windows
#
# If you would like to submit a bug report, please visit:
#   http://bugreport.sun.com/bugreport/crash.jsp
#

---------------  T H R E A D  ---------------

Current thread (0x012dec00):  JavaThread "C1 CompilerThread0" daemon [_thread_in_native, id=2436, stack(0x03c70000,0x03cc0000)]

siginfo: ExceptionCode=0xc0000005, reading address 0x030008e8

Registers:
EAX=0x030008b0, EBX=0x03cbf654, ECX=0x03eb0088, EDX=0x59dd5aa4
ESP=0x03cbf1e8, EBP=0x03cbf1f4, ESI=0xffffffff, EDI=0x03eb0088
EIP=0x59d5fc7c, EFLAGS=0x00010296

Top of Stack: (sp=0x03cbf1e8)
0x03cbf1e8:   00000000 03cbf654 03ecc1a0 03cbf210
0x03cbf1f8:   59d5fca6 03cbf5c4 030008b0 00000000
0x03cbf208:   03cbf654 03ecbd88 03cbf22c 59d5fca6
0x03cbf218:   03cbf5c4 03eb0530 00000001 03cbf654
0x03cbf228:   03ecbb78 03cbf248 59d5fca6 03cbf5c4
0x03cbf238:   03eaf678 00000001 03cbf654 03ecba70
0x03cbf248:   03cbf264 59d5fca6 03cbf5c4 03eaf310
0x03cbf258:   00000001 03cbf654 03ecb968 03cbf280 

Instructions: (pc=0x59d5fc7c)
0x59d5fc5c:   47 78 89 45 0c 78 16 8b 4d 08 8b 97 80 00 00 00
0x59d5fc6c:   53 51 8b 0c b2 e8 ba ff ff ff 4e 79 ea 8b 45 0c
0x59d5fc7c:   8b 40 38 85 c0 74 04 8b 00 eb 02 33 c0 8d 70 ff
0x59d5fc8c:   85 f6 78 19 8b 55 0c 8b 4d 08 8b 42 38 53 51 8b 


Register to memory mapping:

EAX=0x030008b0 is an unknown value
EBX=0x03cbf654 is pointing into the stack for thread: 0x012dec00
ECX=0x03eb0088 is an unknown value
EDX=0x59dd5aa4 is an unknown value
ESP=0x03cbf1e8 is pointing into the stack for thread: 0x012dec00
EBP=0x03cbf1f4 is pointing into the stack for thread: 0x012dec00
ESI=0xffffffff is an unknown value
EDI=0x03eb0088 is an unknown value


Stack: [0x03c70000,0x03cc0000],  sp=0x03cbf1e8,  free space=316k
Native frames: (J=compiled Java code, j=interpreted, Vv=VM code, C=native code)
V  [jvm.dll+0x24fc7c]
V  [jvm.dll+0x24fca6]
V  [jvm.dll+0x24fca6]
V  [jvm.dll+0x24fca6]
V  [jvm.dll+0x24fca6]
V  [jvm.dll+0x24fca6]
V  [jvm.dll+0x24fca6]
V  [jvm.dll+0x24fca6]
V  [jvm.dll+0x24fca6]
V  [jvm.dll+0x24fca6]
V  [jvm.dll+0x24fca6]
V  [jvm.dll+0x24fca6]
V  [jvm.dll+0x24fca6]
V  [jvm.dll+0x24fca6]
V  [jvm.dll+0x24fca6]
V  [jvm.dll+0x24fca6]
V  [jvm.dll+0x24fca6]
V  [jvm.dll+0x24fca6]
V  [jvm.dll+0x24fca6]
V  [jvm.dll+0x24fca6]
V  [jvm.dll+0x24fca6]
V  [jvm.dll+0x24fca6]
V  [jvm.dll+0x24fca6]
V  [jvm.dll+0x24fca6]
V  [jvm.dll+0x24fca6]
V  [jvm.dll+0x24fca6]
V  [jvm.dll+0x24fca6]
V  [jvm.dll+0x24fca6]
V  [jvm.dll+0x24fca6]
V  [jvm.dll+0x24fca6]
V  [jvm.dll+0x24fca6]
V  [jvm.dll+0x24fca6]
V  [jvm.dll+0x24fca6]
V  [jvm.dll+0x24fca6]
V  [jvm.dll+0x24fca6]
V  [jvm.dll+0x2501db]
V  [jvm.dll+0x24e7ab]
V  [jvm.dll+0x2515fa]
V  [jvm.dll+0x251769]
V  [jvm.dll+0x241172]
V  [jvm.dll+0x2418a3]
V  [jvm.dll+0x2419ca]
V  [jvm.dll+0x241b27]
V  [jvm.dll+0x241dad]
V  [jvm.dll+0x465fe]
V  [jvm.dll+0x46b74]
V  [jvm.dll+0x14b777]
V  [jvm.dll+0x14b8e0]
V  [jvm.dll+0x1802a9]
C  [msvcr100.dll+0x5c6de]  endthreadex+0x3a
C  [msvcr100.dll+0x5c788]  endthreadex+0xe4
C  [KERNEL32.dll+0x4ed6c]  BaseThreadInitThunk+0x12
C  [ntdll.dll+0x6377b]  RtlInitializeExceptionChain+0xef
C  [ntdll.dll+0x6374e]  RtlInitializeExceptionChain+0xc2


Current CompileTask:
C1:    446   39             java.lang.String::toUpperCase (439 bytes)


---------------  P R O C E S S  ---------------

Java Threads: ( => current thread )
  0x03e3ec00 JavaThread "ReaderThread" [_thread_in_native, id=2404, stack(0x038d0000,0x03920000)]
  0x012e4400 JavaThread "Service Thread" daemon [_thread_blocked, id=5144, stack(0x03d80000,0x03dd0000)]
=>0x012dec00 JavaThread "C1 CompilerThread0" daemon [_thread_in_native, id=2436, stack(0x03c70000,0x03cc0000)]
  0x012ddc00 JavaThread "Attach Listener" daemon [_thread_blocked, id=4916, stack(0x03ce0000,0x03d30000)]
  0x012da800 JavaThread "Signal Dispatcher" daemon [_thread_blocked, id=5624, stack(0x039d0000,0x03a20000)]
  0x012ca000 JavaThread "Finalizer" daemon [_thread_blocked, id=3348, stack(0x03bc0000,0x03c10000)]
  0x012c5000 JavaThread "Reference Handler" daemon [_thread_blocked, id=5900, stack(0x03950000,0x039a0000)]
  0x0056b400 JavaThread "main" [_thread_in_Java, id=4580, stack(0x00590000,0x005e0000)]

Other Threads:
  0x012c3800 VMThread [stack: 0x03a60000,0x03ab0000] [id=3224]
  0x01310000 WatcherThread [stack: 0x03de0000,0x03e30000] [id=5408]

VM state:not at safepoint (normal execution)

VM Mutex/Monitor currently owned by a thread: None

Heap
 def new generation   total 4928K, used 2690K [0x23e00000, 0x24350000, 0x29350000)
  eden space 4416K,  60% used [0x23e00000, 0x240a0970, 0x24250000)
  from space 512K,   0% used [0x24250000, 0x24250000, 0x242d0000)
  to   space 512K,   0% used [0x242d0000, 0x242d0000, 0x24350000)
 tenured generation   total 10944K, used 0K [0x29350000, 0x29e00000, 0x33e00000)
   the space 10944K,   0% used [0x29350000, 0x29350000, 0x29350200, 0x29e00000)
 compacting perm gen  total 12288K, used 930K [0x33e00000, 0x34a00000, 0x37e00000)
   the space 12288K,   7% used [0x33e00000, 0x33ee89c0, 0x33ee8a00, 0x34a00000)
    ro space 10240K,  42% used [0x37e00000, 0x382422a0, 0x38242400, 0x38800000)
    rw space 12288K,  54% used [0x38800000, 0x38e83250, 0x38e83400, 0x39400000)

Card table byte_map: [0x01770000,0x01820000] byte_map_base: 0x01651000

Polling page: 0x001c0000

Code Cache  [0x01870000, 0x01918000, 0x03870000)
 total_blobs=172 nmethods=38 adapters=70 free_code_cache=32112Kb largest_free_block=32882944

Compilation events (10 events):
Event: 0.324 Thread 0x012dec00 nmethod 34 0x019126c8 code [0x01912800, 0x01912a90]
Event: 0.326 Thread 0x012dec00   35             java.lang.String::<init> (67 bytes)
Event: 0.326 Thread 0x012dec00 nmethod 35 0x01912c88 code [0x01912dc0, 0x01913000]
Event: 0.326 Thread 0x012dec00   36             java.util.Arrays::copyOfRange (63 bytes)
Event: 0.327 Thread 0x012dec00 nmethod 36 0x019131c8 code [0x01913320, 0x019136b8]
Event: 0.333 Thread 0x012dec00   37             sun.security.util.ObjectIdentifier::pack7Oid (84 bytes)
Event: 0.333 Thread 0x012dec00 nmethod 37 0x01913948 code [0x01913a60, 0x01913c08]
Event: 0.334 Thread 0x012dec00   38             java.util.HashMap::indexFor (6 bytes)
Event: 0.335 Thread 0x012dec00 nmethod 38 0x01913d48 code [0x01913e40, 0x01913eb0]
Event: 0.339 Thread 0x012dec00   39             java.lang.String::toUpperCase (439 bytes)

GC Heap History (0 events):
No events

Deoptimization events (0 events):
No events

Internal exceptions (10 events):
Event: 0.297 Thread 0x0056b400 Threw 0x23f22010 at C:\jdk7u2_32P\jdk7u21\hotspot\src\share\vm\prims\jvm.cpp:1166
Event: 0.298 Thread 0x0056b400 Threw 0x23f2c728 at C:\jdk7u2_32P\jdk7u21\hotspot\src\share\vm\prims\jvm.cpp:1166
Event: 0.300 Thread 0x0056b400 Threw 0x23f36da8 at C:\jdk7u2_32P\jdk7u21\hotspot\src\share\vm\prims\jvm.cpp:1166
Event: 0.302 Thread 0x0056b400 Threw 0x23f39608 at C:\jdk7u2_32P\jdk7u21\hotspot\src\share\vm\prims\jvm.cpp:1166
Event: 0.303 Thread 0x0056b400 Threw 0x23f3cab0 at C:\jdk7u2_32P\jdk7u21\hotspot\src\share\vm\prims\jvm.cpp:1166
Event: 0.304 Thread 0x0056b400 Threw 0x23f418b0 at C:\jdk7u2_32P\jdk7u21\hotspot\src\share\vm\prims\jvm.cpp:1166
Event: 0.304 Thread 0x0056b400 Threw 0x23f43b18 at C:\jdk7u2_32P\jdk7u21\hotspot\src\share\vm\prims\jvm.cpp:1166
Event: 0.306 Thread 0x0056b400 Threw 0x23f49ca8 at C:\jdk7u2_32P\jdk7u21\hotspot\src\share\vm\prims\jvm.cpp:1166
Event: 0.307 Thread 0x0056b400 Threw 0x23f4c650 at C:\jdk7u2_32P\jdk7u21\hotspot\src\share\vm\prims\jvm.cpp:1166
Event: 0.308 Thread 0x0056b400 Threw 0x23f500b8 at C:\jdk7u2_32P\jdk7u21\hotspot\src\share\vm\prims\jvm.cpp:1166

Events (10 events):
Event: 0.367 loading class 0x03eef290
Event: 0.367 loading class 0x03eef290 done
Event: 0.373 loading class 0x03ecfbc0
Event: 0.373 loading class 0x39449560
Event: 0.373 loading class 0x39449560 done
Event: 0.373 loading class 0x03ecfbc0 done
Event: 0.376 loading class 0x03ee4a00
Event: 0.377 loading class 0x03ee4a00 done
Event: 0.377 loading class 0x03eef500
Event: 0.377 loading class 0x03eef500 done


Dynamic libraries:
0x003f0000 - 0x0041f000 	C:\Program Files\Java\jre7\bin\javaw.exe
0x77170000 - 0x772ac000 	C:\Windows\SYSTEM32\ntdll.dll
0x6bd30000 - 0x6bd6f000 	C:\Program Files\AVAST Software\Avast\snxhk.dll
0x75740000 - 0x75814000 	C:\Windows\system32\KERNEL32.dll
0x75400000 - 0x7544b000 	C:\Windows\system32\KERNELBASE.dll
0x76ca0000 - 0x76d40000 	C:\Windows\system32\ADVAPI32.dll
0x770c0000 - 0x7716c000 	C:\Windows\system32\msvcrt.dll
0x77320000 - 0x77339000 	C:\Windows\SYSTEM32\sechost.dll
0x76e10000 - 0x76eb1000 	C:\Windows\system32\RPCRT4.dll
0x76d40000 - 0x76e09000 	C:\Windows\system32\USER32.dll
0x76500000 - 0x7654e000 	C:\Windows\system32\GDI32.dll
0x75520000 - 0x7552a000 	C:\Windows\system32\LPK.dll
0x75530000 - 0x755cd000 	C:\Windows\system32\USP10.dll
0x73e10000 - 0x73fae000 	C:\Windows\WinSxS\x86_microsoft.windows.common-controls_6595b64144ccf1df_6.0.7601.17514_none_41e6975e2bd6f2b2\COMCTL32.dll
0x769c0000 - 0x76a17000 	C:\Windows\system32\SHLWAPI.dll
0x772b0000 - 0x772cf000 	C:\Windows\system32\IMM32.DLL
0x76bd0000 - 0x76c9c000 	C:\Windows\system32\MSCTF.dll
0x651f0000 - 0x652ae000 	C:\Program Files\Java\jre7\bin\msvcr100.dll
0x59b10000 - 0x59e5f000 	C:\Program Files\Java\jre7\bin\client\jvm.dll
0x74ec0000 - 0x74ec7000 	C:\Windows\system32\WSOCK32.dll
0x75870000 - 0x758a5000 	C:\Windows\system32\WS2_32.dll
0x772e0000 - 0x772e6000 	C:\Windows\system32\NSI.dll
0x74580000 - 0x745b2000 	C:\Windows\system32\WINMM.dll
0x755d0000 - 0x755d5000 	C:\Windows\system32\PSAPI.DLL
0x70660000 - 0x7066c000 	C:\Program Files\Java\jre7\bin\verify.dll
0x6e330000 - 0x6e350000 	C:\Program Files\Java\jre7\bin\java.dll
0x6e3d0000 - 0x6e3e3000 	C:\Program Files\Java\jre7\bin\zip.dll
0x6e250000 - 0x6e264000 	C:\Program Files\Java\jre7\bin\net.dll
0x74970000 - 0x749ac000 	C:\Windows\system32\mswsock.dll
0x74960000 - 0x74966000 	C:\Windows\System32\wship6.dll
0x6a660000 - 0x6a74b000 	C:\Windows\system32\dbghelp.dll

VM Arguments:
jvm_args: -Dfile.encoding=Cp1252 
java_command: org.eclipse.jdt.internal.junit.runner.RemoteTestRunner -version 3 -port 49347 -testLoaderClass org.eclipse.jdt.internal.junit4.runner.JUnit4TestLoader -loaderpluginname org.eclipse.jdt.junit4.runtime -classNames ufpb.br.projeto.JogoFacadeTest
Launcher Type: SUN_STANDARD

Environment Variables:
PATH=C:/Program Files/Java/jre7/bin/client;C:/Program Files/Java/jre7/bin;C:/Program Files/Java/jre7/lib/i386;C:\Program Files\Common Files\Microsoft Shared\Windows Live;C:\Windows\system32;C:\Windows;C:\Windows\System32\Wbem;C:\Windows\System32\WindowsPowerShell\v1.0\;C:\Program Files\MiKTeX 2.9\miktex\bin\;C:\Program Files\Microsoft SQL Server\80\Tools\Binn\;C:\Program Files\Internet Explorer;C:\Program Files\Windows Live\Shared;C:\Program Files\Java\jdk1.7.0_01\bin;C:\Programas\eclipse;
USERNAME=jonathas
OS=Windows_NT
PROCESSOR_IDENTIFIER=x86 Family 6 Model 23 Stepping 10, GenuineIntel



---------------  S Y S T E M  ---------------

OS: Windows 7 Build 7601 Service Pack 1

CPU:total 2 (2 cores per cpu, 1 threads per core) family 6 model 23 stepping 10, cmov, cx8, fxsr, mmx, sse, sse2, sse3, ssse3, tsc

Memory: 4k page, physical 2880688k(1382412k free), swap 5759624k(3891116k free)

vm_info: Java HotSpot(TM) Client VM (23.21-b01) for windows-x86 JRE (1.7.0_21-b11), built on Apr  4 2013 04:43:10 by "java_re" with unknown MS VC++:1600

time: Wed May 29 15:58:55 2013
elapsed time: 0 seconds

